C:\DOCUMENTS AND SETTINGS\ASHOK\MY DOCUMENTS\VISUAL STUDIO 2010\PROJECTS\SCHOOL_PROJECT\DEBUG\SCHOOL_PROJECT.EXE
C:\DOCUMENTS AND SETTINGS\ASHOK\MY DOCUMENTS\VISUAL STUDIO 2010\PROJECTS\SCHOOL_PROJECT\DEBUG\SCHOOL_PROJECT.ILK
C:\DOCUMENTS AND SETTINGS\ASHOK\MY DOCUMENTS\VISUAL STUDIO 2010\PROJECTS\SCHOOL_PROJECT\DEBUG\SCHOOL_PROJECT.PDB
C:\Documents and Settings\Ashok\my documents\visual studio 2010\Projects\School_project\School_project\Debug\cl.command.1.tlog
C:\Documents and Settings\Ashok\my documents\visual studio 2010\Projects\School_project\School_project\Debug\CL.read.1.tlog
C:\Documents and Settings\Ashok\my documents\visual studio 2010\Projects\School_project\School_project\Debug\CL.write.1.tlog
C:\Documents and Settings\Ashok\my documents\visual studio 2010\Projects\School_project\School_project\Debug\link.1180.read.1.tlog
C:\Documents and Settings\Ashok\my documents\visual studio 2010\Projects\School_project\School_project\Debug\link.1180.write.1.tlog
C:\Documents and Settings\Ashok\my documents\visual studio 2010\Projects\School_project\School_project\Debug\link.1180-cvtres.read.1.tlog
C:\Documents and Settings\Ashok\my documents\visual studio 2010\Projects\School_project\School_project\Debug\link.1180-cvtres.write.1.tlog
C:\Documents and Settings\Ashok\my documents\visual studio 2010\Projects\School_project\School_project\Debug\link.1404.read.1.tlog
C:\Documents and Settings\Ashok\my documents\visual studio 2010\Projects\School_project\School_project\Debug\link.1404.write.1.tlog
C:\Documents and Settings\Ashok\my documents\visual studio 2010\Projects\School_project\School_project\Debug\link.1404-cvtres.read.1.tlog
C:\Documents and Settings\Ashok\my documents\visual studio 2010\Projects\School_project\School_project\Debug\link.1404-cvtres.write.1.tlog
C:\Documents and Settings\Ashok\my documents\visual studio 2010\Projects\School_project\School_project\Debug\link.1752.read.1.tlog
C:\Documents and Settings\Ashok\my documents\visual studio 2010\Projects\School_project\School_project\Debug\link.1752.write.1.tlog
C:\Documents and Settings\Ashok\my documents\visual studio 2010\Projects\School_project\School_project\Debug\link.1752-cvtres.read.1.tlog
C:\Documents and Settings\Ashok\my documents\visual studio 2010\Projects\School_project\School_project\Debug\link.1752-cvtres.write.1.tlog
C:\Documents and Settings\Ashok\my documents\visual studio 2010\Projects\School_project\School_project\Debug\link.1848.read.1.tlog
C:\Documents and Settings\Ashok\my documents\visual studio 2010\Projects\School_project\School_project\Debug\link.1848.write.1.tlog
C:\Documents and Settings\Ashok\my documents\visual studio 2010\Projects\School_project\School_project\Debug\link.1848-cvtres.read.1.tlog
C:\Documents and Settings\Ashok\my documents\visual studio 2010\Projects\School_project\School_project\Debug\link.1848-cvtres.write.1.tlog
C:\Documents and Settings\Ashok\my documents\visual studio 2010\Projects\School_project\School_project\Debug\link.2212.read.1.tlog
C:\Documents and Settings\Ashok\my documents\visual studio 2010\Projects\School_project\School_project\Debug\link.2212.write.1.tlog
C:\Documents and Settings\Ashok\my documents\visual studio 2010\Projects\School_project\School_project\Debug\link.2212-cvtres.read.1.tlog
C:\Documents and Settings\Ashok\my documents\visual studio 2010\Projects\School_project\School_project\Debug\link.2212-cvtres.write.1.tlog
C:\Documents and Settings\Ashok\my documents\visual studio 2010\Projects\School_project\School_project\Debug\link.2464.read.1.tlog
C:\Documents and Settings\Ashok\my documents\visual studio 2010\Projects\School_project\School_project\Debug\link.2464.write.1.tlog
C:\Documents and Settings\Ashok\my documents\visual studio 2010\Projects\School_project\School_project\Debug\link.2464-cvtres.read.1.tlog
C:\Documents and Settings\Ashok\my documents\visual studio 2010\Projects\School_project\School_project\Debug\link.2464-cvtres.write.1.tlog
C:\Documents and Settings\Ashok\my documents\visual studio 2010\Projects\School_project\School_project\Debug\link.2476.read.1.tlog
C:\Documents and Settings\Ashok\my documents\visual studio 2010\Projects\School_project\School_project\Debug\link.2476.write.1.tlog
C:\Documents and Settings\Ashok\my documents\visual studio 2010\Projects\School_project\School_project\Debug\link.2476-cvtres.read.1.tlog
C:\Documents and Settings\Ashok\my documents\visual studio 2010\Projects\School_project\School_project\Debug\link.2476-cvtres.write.1.tlog
C:\Documents and Settings\Ashok\my documents\visual studio 2010\Projects\School_project\School_project\Debug\link.2628.read.1.tlog
C:\Documents and Settings\Ashok\my documents\visual studio 2010\Projects\School_project\School_project\Debug\link.2628.write.1.tlog
C:\Documents and Settings\Ashok\my documents\visual studio 2010\Projects\School_project\School_project\Debug\link.2628-cvtres.read.1.tlog
C:\Documents and Settings\Ashok\my documents\visual studio 2010\Projects\School_project\School_project\Debug\link.2628-cvtres.write.1.tlog
C:\Documents and Settings\Ashok\my documents\visual studio 2010\Projects\School_project\School_project\Debug\link.2676.read.1.tlog
C:\Documents and Settings\Ashok\my documents\visual studio 2010\Projects\School_project\School_project\Debug\link.2676.write.1.tlog
C:\Documents and Settings\Ashok\my documents\visual studio 2010\Projects\School_project\School_project\Debug\link.2676-cvtres.read.1.tlog
C:\Documents and Settings\Ashok\my documents\visual studio 2010\Projects\School_project\School_project\Debug\link.2676-cvtres.write.1.tlog
C:\Documents and Settings\Ashok\my documents\visual studio 2010\Projects\School_project\School_project\Debug\link.2728.read.1.tlog
C:\Documents and Settings\Ashok\my documents\visual studio 2010\Projects\School_project\School_project\Debug\link.2728.write.1.tlog
C:\Documents and Settings\Ashok\my documents\visual studio 2010\Projects\School_project\School_project\Debug\link.2728-cvtres.read.1.tlog
C:\Documents and Settings\Ashok\my documents\visual studio 2010\Projects\School_project\School_project\Debug\link.2728-cvtres.write.1.tlog
C:\Documents and Settings\Ashok\my documents\visual studio 2010\Projects\School_project\School_project\Debug\link.2808.read.1.tlog
C:\Documents and Settings\Ashok\my documents\visual studio 2010\Projects\School_project\School_project\Debug\link.2808.write.1.tlog
C:\Documents and Settings\Ashok\my documents\visual studio 2010\Projects\School_project\School_project\Debug\link.2808-cvtres.read.1.tlog
C:\Documents and Settings\Ashok\my documents\visual studio 2010\Projects\School_project\School_project\Debug\link.2808-cvtres.write.1.tlog
C:\Documents and Settings\Ashok\my documents\visual studio 2010\Projects\School_project\School_project\Debug\link.2924.read.1.tlog
C:\Documents and Settings\Ashok\my documents\visual studio 2010\Projects\School_project\School_project\Debug\link.2924.write.1.tlog
C:\Documents and Settings\Ashok\my documents\visual studio 2010\Projects\School_project\School_project\Debug\link.2924-cvtres.read.1.tlog
C:\Documents and Settings\Ashok\my documents\visual studio 2010\Projects\School_project\School_project\Debug\link.2924-cvtres.write.1.tlog
C:\Documents and Settings\Ashok\my documents\visual studio 2010\Projects\School_project\School_project\Debug\link.2936.read.1.tlog
C:\Documents and Settings\Ashok\my documents\visual studio 2010\Projects\School_project\School_project\Debug\link.2936.write.1.tlog
C:\Documents and Settings\Ashok\my documents\visual studio 2010\Projects\School_project\School_project\Debug\link.2936-cvtres.read.1.tlog
C:\Documents and Settings\Ashok\my documents\visual studio 2010\Projects\School_project\School_project\Debug\link.2936-cvtres.write.1.tlog
C:\Documents and Settings\Ashok\my documents\visual studio 2010\Projects\School_project\School_project\Debug\link.3032.read.1.tlog
C:\Documents and Settings\Ashok\my documents\visual studio 2010\Projects\School_project\School_project\Debug\link.3032.write.1.tlog
C:\Documents and Settings\Ashok\my documents\visual studio 2010\Projects\School_project\School_project\Debug\link.3032-cvtres.read.1.tlog
C:\Documents and Settings\Ashok\my documents\visual studio 2010\Projects\School_project\School_project\Debug\link.3032-cvtres.write.1.tlog
C:\Documents and Settings\Ashok\my documents\visual studio 2010\Projects\School_project\School_project\Debug\link.3292.read.1.tlog
C:\Documents and Settings\Ashok\my documents\visual studio 2010\Projects\School_project\School_project\Debug\link.3292.write.1.tlog
C:\Documents and Settings\Ashok\my documents\visual studio 2010\Projects\School_project\School_project\Debug\link.3292-cvtres.read.1.tlog
C:\Documents and Settings\Ashok\my documents\visual studio 2010\Projects\School_project\School_project\Debug\link.3292-cvtres.write.1.tlog
C:\Documents and Settings\Ashok\my documents\visual studio 2010\Projects\School_project\School_project\Debug\link.3312.read.1.tlog
C:\Documents and Settings\Ashok\my documents\visual studio 2010\Projects\School_project\School_project\Debug\link.3312.write.1.tlog
C:\Documents and Settings\Ashok\my documents\visual studio 2010\Projects\School_project\School_project\Debug\link.3312-cvtres.read.1.tlog
C:\Documents and Settings\Ashok\my documents\visual studio 2010\Projects\School_project\School_project\Debug\link.3312-cvtres.write.1.tlog
C:\Documents and Settings\Ashok\my documents\visual studio 2010\Projects\School_project\School_project\Debug\link.3320.read.1.tlog
C:\Documents and Settings\Ashok\my documents\visual studio 2010\Projects\School_project\School_project\Debug\link.3320.write.1.tlog
C:\Documents and Settings\Ashok\my documents\visual studio 2010\Projects\School_project\School_project\Debug\link.3320-cvtres.read.1.tlog
C:\Documents and Settings\Ashok\my documents\visual studio 2010\Projects\School_project\School_project\Debug\link.3320-cvtres.write.1.tlog
C:\Documents and Settings\Ashok\my documents\visual studio 2010\Projects\School_project\School_project\Debug\link.3556.read.1.tlog
C:\Documents and Settings\Ashok\my documents\visual studio 2010\Projects\School_project\School_project\Debug\link.3556.write.1.tlog
C:\Documents and Settings\Ashok\my documents\visual studio 2010\Projects\School_project\School_project\Debug\link.3556-cvtres.read.1.tlog
C:\Documents and Settings\Ashok\my documents\visual studio 2010\Projects\School_project\School_project\Debug\link.3556-cvtres.write.1.tlog
C:\Documents and Settings\Ashok\my documents\visual studio 2010\Projects\School_project\School_project\Debug\link.3696.read.1.tlog
C:\Documents and Settings\Ashok\my documents\visual studio 2010\Projects\School_project\School_project\Debug\link.3696.write.1.tlog
C:\Documents and Settings\Ashok\my documents\visual studio 2010\Projects\School_project\School_project\Debug\link.3696-cvtres.read.1.tlog
C:\Documents and Settings\Ashok\my documents\visual studio 2010\Projects\School_project\School_project\Debug\link.3696-cvtres.write.1.tlog
C:\Documents and Settings\Ashok\my documents\visual studio 2010\Projects\School_project\School_project\Debug\link.3968.read.1.tlog
C:\Documents and Settings\Ashok\my documents\visual studio 2010\Projects\School_project\School_project\Debug\link.3968.write.1.tlog
C:\Documents and Settings\Ashok\my documents\visual studio 2010\Projects\School_project\School_project\Debug\link.3984.read.1.tlog
C:\Documents and Settings\Ashok\my documents\visual studio 2010\Projects\School_project\School_project\Debug\link.3984.write.1.tlog
C:\Documents and Settings\Ashok\my documents\visual studio 2010\Projects\School_project\School_project\Debug\link.3984-cvtres.read.1.tlog
C:\Documents and Settings\Ashok\my documents\visual studio 2010\Projects\School_project\School_project\Debug\link.3984-cvtres.write.1.tlog
C:\Documents and Settings\Ashok\my documents\visual studio 2010\Projects\School_project\School_project\Debug\link.command.1.tlog
C:\Documents and Settings\Ashok\my documents\visual studio 2010\Projects\School_project\School_project\Debug\link.read.1.tlog
C:\Documents and Settings\Ashok\my documents\visual studio 2010\Projects\School_project\School_project\Debug\link.write.1.tlog
C:\Documents and Settings\Ashok\my documents\visual studio 2010\Projects\School_project\School_project\Debug\link-cvtres.read.1.tlog
C:\Documents and Settings\Ashok\my documents\visual studio 2010\Projects\School_project\School_project\Debug\link-cvtres.write.1.tlog
C:\DOCUMENTS AND SETTINGS\ASHOK\MY DOCUMENTS\VISUAL STUDIO 2010\PROJECTS\SCHOOL_PROJECT\SCHOOL_PROJECT\DEBUG\MAIN.OBJ
C:\Documents and Settings\Ashok\my documents\visual studio 2010\Projects\School_project\School_project\Debug\mt.command.1.tlog
C:\Documents and Settings\Ashok\my documents\visual studio 2010\Projects\School_project\School_project\Debug\mt.read.1.tlog
C:\Documents and Settings\Ashok\my documents\visual studio 2010\Projects\School_project\School_project\Debug\mt.write.1.tlog
C:\Documents and Settings\Ashok\my documents\visual studio 2010\Projects\School_project\School_project\Debug\rc.command.1.tlog
C:\Documents and Settings\Ashok\my documents\visual studio 2010\Projects\School_project\School_project\Debug\rc.read.1.tlog
C:\Documents and Settings\Ashok\my documents\visual studio 2010\Projects\School_project\School_project\Debug\rc.write.1.tlog
C:\DOCUMENTS AND SETTINGS\ASHOK\MY DOCUMENTS\VISUAL STUDIO 2010\PROJECTS\SCHOOL_PROJECT\SCHOOL_PROJECT\DEBUG\SCHOOL_PROJECT.EXE.EMBED.MANIFEST
C:\DOCUMENTS AND SETTINGS\ASHOK\MY DOCUMENTS\VISUAL STUDIO 2010\PROJECTS\SCHOOL_PROJECT\SCHOOL_PROJECT\DEBUG\SCHOOL_PROJECT.EXE.EMBED.MANIFEST.RES
C:\DOCUMENTS AND SETTINGS\ASHOK\MY DOCUMENTS\VISUAL STUDIO 2010\PROJECTS\SCHOOL_PROJECT\SCHOOL_PROJECT\DEBUG\SCHOOL_PROJECT.EXE.INTERMEDIATE.MANIFEST
C:\Documents and Settings\Ashok\my documents\visual studio 2010\Projects\School_project\School_project\Debug\School_project_manifest.rc
C:\Documents and Settings\Ashok\my documents\visual studio 2010\Projects\School_project\School_project\Debug\vc100.idb
C:\DOCUMENTS AND SETTINGS\ASHOK\MY DOCUMENTS\VISUAL STUDIO 2010\PROJECTS\SCHOOL_PROJECT\SCHOOL_PROJECT\DEBUG\VC100.PDB
