  main.cpp
C:\Program Files\Microsoft Visual Studio 10.0\VC\include\string(757): warning C4995: 'swprintf': name was marked as #pragma deprecated
C:\Program Files\Microsoft Visual Studio 10.0\VC\include\string(766): warning C4995: 'swprintf': name was marked as #pragma deprecated
C:\Program Files\Microsoft Visual Studio 10.0\VC\include\string(775): warning C4995: 'swprintf': name was marked as #pragma deprecated
C:\Program Files\Microsoft Visual Studio 10.0\VC\include\intrin.h(1087): warning C4995: 'wcscat': name was marked as #pragma deprecated
C:\Program Files\Microsoft Visual Studio 10.0\VC\include\intrin.h(1089): warning C4995: 'wcscpy': name was marked as #pragma deprecated
c:\documents and settings\ashok\my documents\visual studio 2010\projects\school_project\school_project\game.h(284): warning C4996: 'getch': The POSIX name for this item is deprecated. Instead, use the ISO C++ conformant name: _getch. See online help for details.
          C:\Program Files\Microsoft Visual Studio 10.0\VC\include\conio.h(128) : see declaration of 'getch'
c:\documents and settings\ashok\my documents\visual studio 2010\projects\school_project\school_project\game.h(293): warning C4996: 'getch': The POSIX name for this item is deprecated. Instead, use the ISO C++ conformant name: _getch. See online help for details.
          C:\Program Files\Microsoft Visual Studio 10.0\VC\include\conio.h(128) : see declaration of 'getch'
main.cpp(31): warning C4996: 'getch': The POSIX name for this item is deprecated. Instead, use the ISO C++ conformant name: _getch. See online help for details.
          C:\Program Files\Microsoft Visual Studio 10.0\VC\include\conio.h(128) : see declaration of 'getch'
main.cpp(48): warning C4996: 'getch': The POSIX name for this item is deprecated. Instead, use the ISO C++ conformant name: _getch. See online help for details.
          C:\Program Files\Microsoft Visual Studio 10.0\VC\include\conio.h(128) : see declaration of 'getch'
  Microsoft (R) Incremental Linker Version 10.00.30319.01
  Copyright (C) Microsoft Corporation.  All rights reserved.
  
  "/OUT:C:\Documents and Settings\Ashok\my documents\visual studio 2010\Projects\School_project\Release\School_project.exe" "/VERSION:1.1" /INCREMENTAL:NO kernel32.lib user32.lib gdi32.lib winspool.lib comdlg32.lib advapi32.lib shell32.lib ole32.lib oleaut32.lib uuid.lib odbc32.lib odbccp32.lib /MANIFEST "/ManifestFile:Release\School_project.exe.intermediate.manifest" "/MANIFESTUAC:level='asInvoker' uiAccess='false'" /DEBUG "/PDB:C:\Documents and Settings\Ashok\my documents\visual studio 2010\Projects\School_project\Release\School_project.pdb" /SUBSYSTEM:CONSOLE /OPT:REF /OPT:ICF /LTCG /TLBID:1 /DYNAMICBASE /NXCOMPAT "/IMPLIB:C:\Documents and Settings\Ashok\my documents\visual studio 2010\Projects\School_project\Release\School_project.lib" /MACHINE:X86 Release\main.obj 
  Generating code
  Finished generating code
  School_project.vcxproj -> C:\Documents and Settings\Ashok\my documents\visual studio 2010\Projects\School_project\Release\School_project.exe
  Microsoft (R) Manifest Tool version 5.2.3790.2076
  
  Copyright (c) Microsoft Corporation 2005. 
  
  All rights reserved.
  
